Standard Commons Logging discovery in action with spring-jcl: please remove commons-logging.jar from classpath in order to avoid potential conflicts

  .   ____          _            __ _ _
 /\\ / ___'_ __ _ _(_)_ __  __ _ \ \ \ \
( ( )\___ | '_ | '_| | '_ \/ _` | \ \ \ \
 \\/  ___)| |_)| | | | | || (_| |  ) ) ) )
  '  |____| .__|_| |_|_| |_\__, | / / / /
 =========|_|==============|___/=/_/_/_/

 :: Spring Boot ::               (v3.3.13)

2025-12-01T12:52:58.943Z  INFO 50573 --- [pdf-generation-service] [           main] c.example.pdf.PdfGenerationApplication   : Starting PdfGenerationApplication v0.0.1-SNAPSHOT using Java 21.0.9 with PID 50573 (/workspaces/demo/demoproject/pdf-generation-service/target/pdf-generation-service-0.0.1-SNAPSHOT.jar started by codespace in /workspaces/demo/demoproject/pdf-generation-service)
2025-12-01T12:52:58.946Z  INFO 50573 --- [pdf-generation-service] [           main] c.example.pdf.PdfGenerationApplication   : No active profile set, falling back to 1 default profile: "default"
2025-12-01T12:52:59.039Z  INFO 50573 --- [pdf-generation-service] [           main] o.s.c.c.c.ConfigServerConfigDataLoader   : Fetching config from server at : http://localhost:8888
2025-12-01T12:52:59.039Z  INFO 50573 --- [pdf-generation-service] [           main] o.s.c.c.c.ConfigServerConfigDataLoader   : Located environment: name=pdf-generation-service, profiles=[default], label=null, version=6140cd65fe62a340f53f26327bc14394342792cf, state=
2025-12-01T12:53:00.488Z  INFO 50573 --- [pdf-generation-service] [           main] o.s.cloud.context.scope.GenericScope     : BeanFactory id=949baee6-103f-38ec-82cd-4680fdab19d3
2025-12-01T12:53:00.944Z  INFO 50573 --- [pdf-generation-service] [           main] o.s.b.w.embedded.tomcat.TomcatWebServer  : Tomcat initialized with port 8080 (http)
2025-12-01T12:53:00.959Z  INFO 50573 --- [pdf-generation-service] [           main] o.apache.catalina.core.StandardService   : Starting service [Tomcat]
2025-12-01T12:53:00.959Z  INFO 50573 --- [pdf-generation-service] [           main] o.apache.catalina.core.StandardEngine    : Starting Servlet engine: [Apache Tomcat/10.1.42]
2025-12-01T12:53:00.993Z  INFO 50573 --- [pdf-generation-service] [           main] o.a.c.c.C.[Tomcat].[localhost].[/]       : Initializing Spring embedded WebApplicationContext
2025-12-01T12:53:00.995Z  INFO 50573 --- [pdf-generation-service] [           main] w.s.c.ServletWebServerApplicationContext : Root WebApplicationContext: initialization completed in 1950 ms
Standard Commons Logging discovery in action with spring-jcl: please remove commons-logging.jar from classpath in order to avoid potential conflicts
2025-12-01T12:53:01.973Z  INFO 50573 --- [pdf-generation-service] [           main] o.s.b.a.e.web.EndpointLinksResolver      : Exposing 3 endpoints beneath base path '/actuator'
2025-12-01T12:53:02.081Z  INFO 50573 --- [pdf-generation-service] [           main] o.s.b.w.embedded.tomcat.TomcatWebServer  : Tomcat started on port 8080 (http) with context path '/'
2025-12-01T12:53:02.126Z  INFO 50573 --- [pdf-generation-service] [           main] c.example.pdf.PdfGenerationApplication   : Started PdfGenerationApplication in 5.059 seconds (process running for 5.874)
2025-12-01T12:53:39.412Z  INFO 50573 --- [pdf-generation-service] [nio-8080-exec-1] o.a.c.c.C.[Tomcat].[localhost].[/]       : Initializing Spring DispatcherServlet 'dispatcherServlet'
2025-12-01T12:53:39.413Z  INFO 50573 --- [pdf-generation-service] [nio-8080-exec-1] o.s.web.servlet.DispatcherServlet        : Initializing Servlet 'dispatcherServlet'
2025-12-01T12:53:39.415Z  INFO 50573 --- [pdf-generation-service] [nio-8080-exec-1] o.s.web.servlet.DispatcherServlet        : Completed initialization in 2 ms
Received generate request: {"templateName":"invoice-v2","clientService":"order-service","payload":{"customer":{"name":"Alice"},"order":{"id":"123","total":"45.67"}},"mappingOverride":null,"label":"main","productType":"medicare","marketCategory":"group","state":"CA"}
Resolved mapping document: {"template":{"url":"https://example.com/templates/invoice-v2.pdf","type":"fillable"},"mapping":{"pdf":{"field":{"issuedDate":"invoiceDate","invoiceNumber":"order.id","customerName":"customer.name","totalAmount":"total","planName":"product.planName","beneficiaryId":"applicant.beneficiaryId","employerName":"group.employer.name","stateTax":"tax.caRate","medicareSpecificField":"product.medicareField"}}},"metadata":{"source":"product-template-override","product":"medicare","market":"group","state":"CA"}}
Extracted field map: {"issuedDate":"invoiceDate","invoiceNumber":"order.id","customerName":"customer.name","totalAmount":"total","planName":"product.planName","beneficiaryId":"applicant.beneficiaryId","employerName":"group.employer.name","stateTax":"tax.caRate","medicareSpecificField":"product.medicareField"}
Using payload: {"customer":{"name":"Alice"},"order":{"id":"123","total":"45.67"}}
Mapping PDF field 'issuedDate' to payload path 'invoiceDate'
  Resolved value: null
Mapping PDF field 'invoiceNumber' to payload path 'order.id'
  Resolved value: "123"
Mapping PDF field 'customerName' to payload path 'customer.name'
  Resolved value: "Alice"
Mapping PDF field 'totalAmount' to payload path 'total'
  Resolved value: null
Mapping PDF field 'planName' to payload path 'product.planName'
  Resolved value: null
Mapping PDF field 'beneficiaryId' to payload path 'applicant.beneficiaryId'
  Resolved value: null
Mapping PDF field 'employerName' to payload path 'group.employer.name'
  Resolved value: null
Mapping PDF field 'stateTax' to payload path 'tax.caRate'
  Resolved value: null
Mapping PDF field 'medicareSpecificField' to payload path 'product.medicareField'
  Resolved value: null
Final resolved PDF data: {"issuedDate":"","invoiceNumber":"123","customerName":"Alice","totalAmount":"","planName":"","beneficiaryId":"","employerName":"","stateTax":"","medicareSpecificField":""}
2025-12-01T12:55:21.140Z  WARN 50573 --- [pdf-generation-service] [nio-8080-exec-7] o.a.pdfbox.pdmodel.font.PDType1Font      : Using fallback font LiberationSans for base font Times-Roman
2025-12-01T12:55:21.147Z  WARN 50573 --- [pdf-generation-service] [nio-8080-exec-7] o.a.pdfbox.pdmodel.font.PDType1Font      : Using fallback font LiberationSans for base font Times-Bold
2025-12-01T12:55:21.164Z  WARN 50573 --- [pdf-generation-service] [nio-8080-exec-7] o.a.pdfbox.pdmodel.font.PDType1Font      : Using fallback font LiberationSans for base font Times-Italic
2025-12-01T12:55:21.168Z  WARN 50573 --- [pdf-generation-service] [nio-8080-exec-7] o.a.pdfbox.pdmodel.font.PDType1Font      : Using fallback font LiberationSans for base font Times-BoldItalic
2025-12-01T12:55:21.172Z  WARN 50573 --- [pdf-generation-service] [nio-8080-exec-7] o.a.pdfbox.pdmodel.font.PDType1Font      : Using fallback font LiberationSans for base font Helvetica
2025-12-01T12:55:21.176Z  WARN 50573 --- [pdf-generation-service] [nio-8080-exec-7] o.a.pdfbox.pdmodel.font.PDType1Font      : Using fallback font LiberationSans for base font Helvetica-Bold
2025-12-01T12:55:21.180Z  WARN 50573 --- [pdf-generation-service] [nio-8080-exec-7] o.a.pdfbox.pdmodel.font.PDType1Font      : Using fallback font LiberationSans for base font Helvetica-Oblique
2025-12-01T12:55:21.183Z  WARN 50573 --- [pdf-generation-service] [nio-8080-exec-7] o.a.pdfbox.pdmodel.font.PDType1Font      : Using fallback font LiberationSans for base font Helvetica-BoldOblique
2025-12-01T12:55:21.185Z  WARN 50573 --- [pdf-generation-service] [nio-8080-exec-7] o.a.pdfbox.pdmodel.font.PDType1Font      : Using fallback font LiberationSans for base font Courier
2025-12-01T12:55:21.188Z  WARN 50573 --- [pdf-generation-service] [nio-8080-exec-7] o.a.pdfbox.pdmodel.font.PDType1Font      : Using fallback font LiberationSans for base font Courier-Bold
2025-12-01T12:55:21.190Z  WARN 50573 --- [pdf-generation-service] [nio-8080-exec-7] o.a.pdfbox.pdmodel.font.PDType1Font      : Using fallback font LiberationSans for base font Courier-Oblique
2025-12-01T12:55:21.193Z  WARN 50573 --- [pdf-generation-service] [nio-8080-exec-7] o.a.pdfbox.pdmodel.font.PDType1Font      : Using fallback font LiberationSans for base font Courier-BoldOblique
2025-12-01T12:55:21.194Z  WARN 50573 --- [pdf-generation-service] [nio-8080-exec-7] o.a.pdfbox.pdmodel.font.PDType1Font      : Using fallback font LiberationSans for base font Symbol
2025-12-01T12:55:21.196Z  WARN 50573 --- [pdf-generation-service] [nio-8080-exec-7] o.a.pdfbox.pdmodel.font.PDType1Font      : Using fallback font LiberationSans for base font ZapfDingbats
